<?xml version="1.0" encoding="UTF-8"?>
<!-- Generated by org.testng.reporters.JUnitReportReporter -->
<testsuite hostname="LAPTOP-BECL2E60" failures="0" tests="1" name="drshethstest.Drshethsaddtocarttest" time="8.861" errors="0" timestamp="2023-07-07T18:33:27 IST" skipped="0">
  <testcase classname="drshethstest.Drshethsaddtocarttest" name="test" time="8.861"/>
  <system-out/>
</testsuite> <!-- drshethstest.Drshethsaddtocarttest -->
